<?xml version="1.0" encoding="utf-8"?><testsuite errors="1" failures="0" name="pytest" skips="0" tests="1" time="0.083"><testcase classname="" file="test/index_test.py" name="test.index_test" time="0"><error message="collection failure">ImportError while importing test module &apos;/home/restful-revert-5296/python-advanced-dictionaries-dictionaryball-nyc-ds-career-012819/test/index_test.py&apos;.
Hint: make sure your test modules/packages have valid Python names.
Traceback:
test/index_test.py:1: in &lt;module&gt;
    import unittest2 as unittest
E   ModuleNotFoundError: No module named &apos;unittest2&apos;</error></testcase></testsuite>